Traceback (most recent call last):
  File "c:\users\meyjoh\repos\vlcompimg\compimg\lib\site-packages\jupyter_cache\executors\utils.py", line 51, in single_nb_execution
    executenb(
  File "c:\users\meyjoh\repos\vlcompimg\compimg\lib\site-packages\nbclient\client.py", line 1112, in execute
    return NotebookClient(nb=nb, resources=resources, km=km, **kwargs).execute()
  File "c:\users\meyjoh\repos\vlcompimg\compimg\lib\site-packages\nbclient\util.py", line 74, in wrapped
    return just_run(coro(*args, **kwargs))
  File "c:\users\meyjoh\repos\vlcompimg\compimg\lib\site-packages\nbclient\util.py", line 53, in just_run
    return loop.run_until_complete(coro)
  File "C:\Users\meyjoh\AppData\Local\Programs\Python\Python38\lib\asyncio\base_events.py", line 616, in run_until_complete
    return future.result()
  File "c:\users\meyjoh\repos\vlcompimg\compimg\lib\site-packages\nbclient\client.py", line 553, in async_execute
    await self.async_execute_cell(
  File "c:\users\meyjoh\repos\vlcompimg\compimg\lib\site-packages\nbclient\client.py", line 857, in async_execute_cell
    self._check_raise_for_error(cell, exec_reply)
  File "c:\users\meyjoh\repos\vlcompimg\compimg\lib\site-packages\nbclient\client.py", line 760, in _check_raise_for_error
    raise CellExecutionError.from_cell_and_msg(cell, exec_reply_content)
nbclient.exceptions.CellExecutionError: An error occurred while executing the following cell:
------------------
import h5py
f = h5py.File('Green.mat','r')
data = f.get('LTM')
data = np.array(data) # For converting to a NumPy array
LTM = data
NUM_ITERATIONS = 1024     # Number of Arnoldi iterations
NUM_ITERATIONS_STEP = 32   # Only reconstruct matrix every 
------------------

[1;31m---------------------------------------------------------------------------[0m
[1;31mFileNotFoundError[0m                         Traceback (most recent call last)
[1;32m<ipython-input-12-b77b20a38d3c>[0m in [0;36m<module>[1;34m[0m
[0;32m      1[0m [1;32mimport[0m [0mh5py[0m[1;33m[0m[1;33m[0m[0m
[1;32m----> 2[1;33m [0mf[0m [1;33m=[0m [0mh5py[0m[1;33m.[0m[0mFile[0m[1;33m([0m[1;34m'Green.mat'[0m[1;33m,[0m[1;34m'r'[0m[1;33m)[0m[1;33m[0m[1;33m[0m[0m
[0m[0;32m      3[0m [0mdata[0m [1;33m=[0m [0mf[0m[1;33m.[0m[0mget[0m[1;33m([0m[1;34m'LTM'[0m[1;33m)[0m[1;33m[0m[1;33m[0m[0m
[0;32m      4[0m [0mdata[0m [1;33m=[0m [0mnp[0m[1;33m.[0m[0marray[0m[1;33m([0m[0mdata[0m[1;33m)[0m [1;31m# For converting to a NumPy array[0m[1;33m[0m[1;33m[0m[0m
[0;32m      5[0m [0mLTM[0m [1;33m=[0m [0mdata[0m[1;33m[0m[1;33m[0m[0m

[1;32m~\repos\vlcompimg\compimg\lib\site-packages\h5py\_hl\files.py[0m in [0;36m__init__[1;34m(self, name, mode, driver, libver, userblock_size, swmr, rdcc_nslots, rdcc_nbytes, rdcc_w0, track_order, fs_strategy, fs_persist, fs_threshold, fs_page_size, page_buf_size, min_meta_keep, min_raw_keep, locking, alignment_threshold, alignment_interval, **kwds)[0m
[0;32m    531[0m                                  [0mfs_persist[0m[1;33m=[0m[0mfs_persist[0m[1;33m,[0m [0mfs_threshold[0m[1;33m=[0m[0mfs_threshold[0m[1;33m,[0m[1;33m[0m[1;33m[0m[0m
[0;32m    532[0m                                  fs_page_size=fs_page_size)
[1;32m--> 533[1;33m                 [0mfid[0m [1;33m=[0m [0mmake_fid[0m[1;33m([0m[0mname[0m[1;33m,[0m [0mmode[0m[1;33m,[0m [0muserblock_size[0m[1;33m,[0m [0mfapl[0m[1;33m,[0m [0mfcpl[0m[1;33m,[0m [0mswmr[0m[1;33m=[0m[0mswmr[0m[1;33m)[0m[1;33m[0m[1;33m[0m[0m
[0m[0;32m    534[0m [1;33m[0m[0m
[0;32m    535[0m             [1;32mif[0m [0misinstance[0m[1;33m([0m[0mlibver[0m[1;33m,[0m [0mtuple[0m[1;33m)[0m[1;33m:[0m[1;33m[0m[1;33m[0m[0m

[1;32m~\repos\vlcompimg\compimg\lib\site-packages\h5py\_hl\files.py[0m in [0;36mmake_fid[1;34m(name, mode, userblock_size, fapl, fcpl, swmr)[0m
[0;32m    224[0m         [1;32mif[0m [0mswmr[0m [1;32mand[0m [0mswmr_support[0m[1;33m:[0m[1;33m[0m[1;33m[0m[0m
[0;32m    225[0m             [0mflags[0m [1;33m|=[0m [0mh5f[0m[1;33m.[0m[0mACC_SWMR_READ[0m[1;33m[0m[1;33m[0m[0m
[1;32m--> 226[1;33m         [0mfid[0m [1;33m=[0m [0mh5f[0m[1;33m.[0m[0mopen[0m[1;33m([0m[0mname[0m[1;33m,[0m [0mflags[0m[1;33m,[0m [0mfapl[0m[1;33m=[0m[0mfapl[0m[1;33m)[0m[1;33m[0m[1;33m[0m[0m
[0m[0;32m    227[0m     [1;32melif[0m [0mmode[0m [1;33m==[0m [1;34m'r+'[0m[1;33m:[0m[1;33m[0m[1;33m[0m[0m
[0;32m    228[0m         [0mfid[0m [1;33m=[0m [0mh5f[0m[1;33m.[0m[0mopen[0m[1;33m([0m[0mname[0m[1;33m,[0m [0mh5f[0m[1;33m.[0m[0mACC_RDWR[0m[1;33m,[0m [0mfapl[0m[1;33m=[0m[0mfapl[0m[1;33m)[0m[1;33m[0m[1;33m[0m[0m

[1;32mh5py\_objects.pyx[0m in [0;36mh5py._objects.with_phil.wrapper[1;34m()[0m

[1;32mh5py\_objects.pyx[0m in [0;36mh5py._objects.with_phil.wrapper[1;34m()[0m

[1;32mh5py\h5f.pyx[0m in [0;36mh5py.h5f.open[1;34m()[0m

[1;31mFileNotFoundError[0m: [Errno 2] Unable to open file (unable to open file: name = 'Green.mat', errno = 2, error message = 'No such file or directory', flags = 0, o_flags = 0)
FileNotFoundError: [Errno 2] Unable to open file (unable to open file: name = 'Green.mat', errno = 2, error message = 'No such file or directory', flags = 0, o_flags = 0)

