Traceback (most recent call last):
  File "c:\users\meyjoh\repos\vlcompimg\compimg\lib\site-packages\jupyter_cache\executors\utils.py", line 51, in single_nb_execution
    executenb(
  File "c:\users\meyjoh\repos\vlcompimg\compimg\lib\site-packages\nbclient\client.py", line 1112, in execute
    return NotebookClient(nb=nb, resources=resources, km=km, **kwargs).execute()
  File "c:\users\meyjoh\repos\vlcompimg\compimg\lib\site-packages\nbclient\util.py", line 74, in wrapped
    return just_run(coro(*args, **kwargs))
  File "c:\users\meyjoh\repos\vlcompimg\compimg\lib\site-packages\nbclient\util.py", line 53, in just_run
    return loop.run_until_complete(coro)
  File "C:\Users\meyjoh\AppData\Local\Programs\Python\Python38\lib\asyncio\base_events.py", line 616, in run_until_complete
    return future.result()
  File "c:\users\meyjoh\repos\vlcompimg\compimg\lib\site-packages\nbclient\client.py", line 553, in async_execute
    await self.async_execute_cell(
  File "c:\users\meyjoh\repos\vlcompimg\compimg\lib\site-packages\nbclient\client.py", line 857, in async_execute_cell
    self._check_raise_for_error(cell, exec_reply)
  File "c:\users\meyjoh\repos\vlcompimg\compimg\lib\site-packages\nbclient\client.py", line 760, in _check_raise_for_error
    raise CellExecutionError.from_cell_and_msg(cell, exec_reply_content)
nbclient.exceptions.CellExecutionError: An error occurred while executing the following cell:
------------------
# images to combine
img_1 = imread('img_sis.png')
img_2 = imread('img_gf.png')

# function to work with gray scales
def rgb2gray(img) -> np.ndarray:
    r, g, b = img[:,:,0], img[:,:,1], img[:,:,2] 
    gamma = 1.04

    r_cte, g_cte, b_cte = 0.2126, 0.7152, 0.0722
    gray_img = r_cte * r ** gamma + g_cte * g ** gamma + b_cte * b ** gamma
    
    return gray_img

# gray scale images, for low and high pass filters
img_low = rgb2gray(img_1)
img_high = rgb2gray(img_2)

# plot of images
_, (ax1, ax2) = plt.subplots(1, 2)
figure_size = plt.gcf().get_size_inches()
plt.gcf().set_size_inches(2 * figure_size)
ax1.imshow(img_low, cmap="gray")
ax2.imshow(img_high, cmap="gray")
plt.show()
------------------

[1;31m---------------------------------------------------------------------------[0m
[1;31mFileNotFoundError[0m                         Traceback (most recent call last)
[1;32m<ipython-input-4-888adb53f054>[0m in [0;36m<module>[1;34m[0m
[0;32m      1[0m [1;31m# images to combine[0m[1;33m[0m[1;33m[0m[1;33m[0m[0m
[1;32m----> 2[1;33m [0mimg_1[0m [1;33m=[0m [0mimread[0m[1;33m([0m[1;34m'img_sis.png'[0m[1;33m)[0m[1;33m[0m[1;33m[0m[0m
[0m[0;32m      3[0m [0mimg_2[0m [1;33m=[0m [0mimread[0m[1;33m([0m[1;34m'img_gf.png'[0m[1;33m)[0m[1;33m[0m[1;33m[0m[0m
[0;32m      4[0m [1;33m[0m[0m
[0;32m      5[0m [1;31m# function to work with gray scales[0m[1;33m[0m[1;33m[0m[1;33m[0m[0m

[1;32mc:\users\meyjoh\repos\vlcompimg\compimg\lib\site-packages\skimage\io\_io.py[0m in [0;36mimread[1;34m(fname, as_gray, plugin, **plugin_args)[0m
[0;32m     51[0m [1;33m[0m[0m
[0;32m     52[0m     [1;32mwith[0m [0mfile_or_url_context[0m[1;33m([0m[0mfname[0m[1;33m)[0m [1;32mas[0m [0mfname[0m[1;33m:[0m[1;33m[0m[1;33m[0m[0m
[1;32m---> 53[1;33m         [0mimg[0m [1;33m=[0m [0mcall_plugin[0m[1;33m([0m[1;34m'imread'[0m[1;33m,[0m [0mfname[0m[1;33m,[0m [0mplugin[0m[1;33m=[0m[0mplugin[0m[1;33m,[0m [1;33m**[0m[0mplugin_args[0m[1;33m)[0m[1;33m[0m[1;33m[0m[0m
[0m[0;32m     54[0m [1;33m[0m[0m
[0;32m     55[0m     [1;32mif[0m [1;32mnot[0m [0mhasattr[0m[1;33m([0m[0mimg[0m[1;33m,[0m [1;34m'ndim'[0m[1;33m)[0m[1;33m:[0m[1;33m[0m[1;33m[0m[0m

[1;32mc:\users\meyjoh\repos\vlcompimg\compimg\lib\site-packages\skimage\io\manage_plugins.py[0m in [0;36mcall_plugin[1;34m(kind, *args, **kwargs)[0m
[0;32m    203[0m             [1;32mraise[0m [0mRuntimeError[0m[1;33m([0m[1;34mf'Could not find the plugin "{plugin}" for {kind}.'[0m[1;33m)[0m[1;33m[0m[1;33m[0m[0m
[0;32m    204[0m [1;33m[0m[0m
[1;32m--> 205[1;33m     [1;32mreturn[0m [0mfunc[0m[1;33m([0m[1;33m*[0m[0margs[0m[1;33m,[0m [1;33m**[0m[0mkwargs[0m[1;33m)[0m[1;33m[0m[1;33m[0m[0m
[0m[0;32m    206[0m [1;33m[0m[0m
[0;32m    207[0m [1;33m[0m[0m

[1;32mc:\users\meyjoh\repos\vlcompimg\compimg\lib\site-packages\skimage\io\_plugins\imageio_plugin.py[0m in [0;36mimread[1;34m(*args, **kwargs)[0m
[0;32m      9[0m [1;33m@[0m[0mwraps[0m[1;33m([0m[0mimageio_imread[0m[1;33m)[0m[1;33m[0m[1;33m[0m[0m
[0;32m     10[0m [1;32mdef[0m [0mimread[0m[1;33m([0m[1;33m*[0m[0margs[0m[1;33m,[0m [1;33m**[0m[0mkwargs[0m[1;33m)[0m[1;33m:[0m[1;33m[0m[1;33m[0m[0m
[1;32m---> 11[1;33m     [0mout[0m [1;33m=[0m [0mnp[0m[1;33m.[0m[0masarray[0m[1;33m([0m[0mimageio_imread[0m[1;33m([0m[1;33m*[0m[0margs[0m[1;33m,[0m [1;33m**[0m[0mkwargs[0m[1;33m)[0m[1;33m)[0m[1;33m[0m[1;33m[0m[0m
[0m[0;32m     12[0m     [1;32mif[0m [1;32mnot[0m [0mout[0m[1;33m.[0m[0mflags[0m[1;33m[[0m[1;34m'WRITEABLE'[0m[1;33m][0m[1;33m:[0m[1;33m[0m[1;33m[0m[0m
[0;32m     13[0m         [0mout[0m [1;33m=[0m [0mout[0m[1;33m.[0m[0mcopy[0m[1;33m([0m[1;33m)[0m[1;33m[0m[1;33m[0m[0m

[1;32mc:\users\meyjoh\repos\vlcompimg\compimg\lib\site-packages\imageio\v3.py[0m in [0;36mimread[1;34m(uri, index, plugin, extension, format_hint, **kwargs)[0m
[0;32m     51[0m         [0mcall_kwargs[0m[1;33m[[0m[1;34m"index"[0m[1;33m][0m [1;33m=[0m [0mindex[0m[1;33m[0m[1;33m[0m[0m
[0;32m     52[0m [1;33m[0m[0m
[1;32m---> 53[1;33m     [1;32mwith[0m [0mimopen[0m[1;33m([0m[0muri[0m[1;33m,[0m [1;34m"r"[0m[1;33m,[0m [1;33m**[0m[0mplugin_kwargs[0m[1;33m)[0m [1;32mas[0m [0mimg_file[0m[1;33m:[0m[1;33m[0m[1;33m[0m[0m
[0m[0;32m     54[0m         [1;32mreturn[0m [0mnp[0m[1;33m.[0m[0masarray[0m[1;33m([0m[0mimg_file[0m[1;33m.[0m[0mread[0m[1;33m([0m[1;33m**[0m[0mcall_kwargs[0m[1;33m)[0m[1;33m)[0m[1;33m[0m[1;33m[0m[0m
[0;32m     55[0m [1;33m[0m[0m

[1;32mc:\users\meyjoh\repos\vlcompimg\compimg\lib\site-packages\imageio\core\imopen.py[0m in [0;36mimopen[1;34m(uri, io_mode, plugin, extension, format_hint, legacy_mode, **kwargs)[0m
[0;32m    111[0m         [0mrequest[0m[1;33m.[0m[0mformat_hint[0m [1;33m=[0m [0mformat_hint[0m[1;33m[0m[1;33m[0m[0m
[0;32m    112[0m     [1;32melse[0m[1;33m:[0m[1;33m[0m[1;33m[0m[0m
[1;32m--> 113[1;33m         [0mrequest[0m [1;33m=[0m [0mRequest[0m[1;33m([0m[0muri[0m[1;33m,[0m [0mio_mode[0m[1;33m,[0m [0mformat_hint[0m[1;33m=[0m[0mformat_hint[0m[1;33m,[0m [0mextension[0m[1;33m=[0m[0mextension[0m[1;33m)[0m[1;33m[0m[1;33m[0m[0m
[0m[0;32m    114[0m [1;33m[0m[0m
[0;32m    115[0m     [0msource[0m [1;33m=[0m [1;34m"<bytes>"[0m [1;32mif[0m [0misinstance[0m[1;33m([0m[0muri[0m[1;33m,[0m [0mbytes[0m[1;33m)[0m [1;32melse[0m [0muri[0m[1;33m[0m[1;33m[0m[0m

[1;32mc:\users\meyjoh\repos\vlcompimg\compimg\lib\site-packages\imageio\core\request.py[0m in [0;36m__init__[1;34m(self, uri, mode, extension, format_hint, **kwargs)[0m
[0;32m    245[0m [1;33m[0m[0m
[0;32m    246[0m         [1;31m# Parse what was given[0m[1;33m[0m[1;33m[0m[1;33m[0m[0m
[1;32m--> 247[1;33m         [0mself[0m[1;33m.[0m[0m_parse_uri[0m[1;33m([0m[0muri[0m[1;33m)[0m[1;33m[0m[1;33m[0m[0m
[0m[0;32m    248[0m [1;33m[0m[0m
[0;32m    249[0m         [1;31m# Set extension[0m[1;33m[0m[1;33m[0m[1;33m[0m[0m

[1;32mc:\users\meyjoh\repos\vlcompimg\compimg\lib\site-packages\imageio\core\request.py[0m in [0;36m_parse_uri[1;34m(self, uri)[0m
[0;32m    405[0m                 [1;31m# Reading: check that the file exists (but is allowed a dir)[0m[1;33m[0m[1;33m[0m[1;33m[0m[0m
[0;32m    406[0m                 [1;32mif[0m [1;32mnot[0m [0mos[0m[1;33m.[0m[0mpath[0m[1;33m.[0m[0mexists[0m[1;33m([0m[0mfn[0m[1;33m)[0m[1;33m:[0m[1;33m[0m[1;33m[0m[0m
[1;32m--> 407[1;33m                     [1;32mraise[0m [0mFileNotFoundError[0m[1;33m([0m[1;34m"No such file: '%s'"[0m [1;33m%[0m [0mfn[0m[1;33m)[0m[1;33m[0m[1;33m[0m[0m
[0m[0;32m    408[0m             [1;32melse[0m[1;33m:[0m[1;33m[0m[1;33m[0m[0m
[0;32m    409[0m                 [1;31m# Writing: check that the directory to write to does exist[0m[1;33m[0m[1;33m[0m[1;33m[0m[0m

[1;31mFileNotFoundError[0m: No such file: 'C:\Users\meyjoh\repos\vlcompimg\mynewbook\img_sis.png'
FileNotFoundError: No such file: 'C:\Users\meyjoh\repos\vlcompimg\mynewbook\img_sis.png'

